<?xml version="1.0" encoding="UTF-8"?>
<testsuite name="com.example.elasticsearch.elastic.service.elsTest" tests="1" skipped="0" failures="0" errors="0" timestamp="2023-05-08T04:27:41" hostname="bagseongjun-ui-MacBookPro.local" time="0.23">
  <properties/>
  <testcase name="testCreateIndex()" classname="com.example.elasticsearch.elastic.service.elsTest" time="0.23"/>
  <system-out><![CDATA[2023-05-08 13:27:41.066  INFO 69120 --- [    Test worker] .b.t.c.SpringBootTestContextBootstrapper : Neither @ContextConfiguration nor @ContextHierarchy found for test class [com.example.elasticsearch.elastic.service.elsTest], using SpringBootContextLoader
2023-05-08 13:27:41.067  INFO 69120 --- [    Test worker] o.s.t.c.support.AbstractContextLoader    : Could not detect default resource locations for test class [com.example.elasticsearch.elastic.service.elsTest]: no resource found for suffixes {-context.xml, Context.groovy}.
2023-05-08 13:27:41.067  INFO 69120 --- [    Test worker] t.c.s.AnnotationConfigContextLoaderUtils : Could not detect default configuration classes for test class [com.example.elasticsearch.elastic.service.elsTest]: elsTest does not declare any static, non-private, non-final, nested classes annotated with @Configuration.
2023-05-08 13:27:41.076  INFO 69120 --- [    Test worker] .b.t.c.SpringBootTestContextBootstrapper : Found @SpringBootConfiguration com.example.elasticsearch.ElasticSearchApplication for test class com.example.elasticsearch.elastic.service.elsTest
2023-05-08 13:27:41.081  INFO 69120 --- [    Test worker] .b.t.c.SpringBootTestContextBootstrapper : Loaded default TestExecutionListener class names from location [META-INF/spring.factories]: [org.springframework.boot.test.autoconfigure.restdocs.RestDocsTestExecutionListener, org.springframework.boot.test.autoconfigure.web.client.MockRestServiceServerResetTestExecutionListener, org.springframework.boot.test.autoconfigure.web.servlet.MockMvcPrintOnlyOnFailureTestExecutionListener, org.springframework.boot.test.autoconfigure.web.servlet.WebDriverTestExecutionListener, org.springframework.boot.test.autoconfigure.webservices.client.MockWebServiceServerTestExecutionListener, org.springframework.boot.test.mock.mockito.MockitoTestExecutionListener, org.springframework.boot.test.mock.mockito.ResetMocksTestExecutionListener, org.springframework.test.context.web.ServletTestExecutionListener, org.springframework.test.context.support.DirtiesContextBeforeModesTestExecutionListener, org.springframework.test.context.event.ApplicationEventsTestExecutionListener, org.springframework.test.context.support.DependencyInjectionTestExecutionListener, org.springframework.test.context.support.DirtiesContextTestExecutionListener, org.springframework.test.context.transaction.TransactionalTestExecutionListener, org.springframework.test.context.jdbc.SqlScriptsTestExecutionListener, org.springframework.test.context.event.EventPublishingTestExecutionListener]
2023-05-08 13:27:41.081  INFO 69120 --- [    Test worker] .b.t.c.SpringBootTestContextBootstrapper : Using TestExecutionListeners: [org.springframework.test.context.web.ServletTestExecutionListener@5a5b48f6, org.springframework.test.context.support.DirtiesContextBeforeModesTestExecutionListener@674ec5f2, org.springframework.test.context.event.ApplicationEventsTestExecutionListener@1cf9aefc, org.springframework.boot.test.mock.mockito.MockitoTestExecutionListener@2dd6e263, org.springframework.boot.test.autoconfigure.SpringBootDependencyInjectionTestExecutionListener@2dca13d7, org.springframework.test.context.support.DirtiesContextTestExecutionListener@3c3a32c9, org.springframework.test.context.transaction.TransactionalTestExecutionListener@6d65f5fc, org.springframework.test.context.jdbc.SqlScriptsTestExecutionListener@77bad7c9, org.springframework.test.context.event.EventPublishingTestExecutionListener@a133642, org.springframework.boot.test.autoconfigure.restdocs.RestDocsTestExecutionListener@6752e1b3, org.springframework.boot.test.autoconfigure.web.client.MockRestServiceServerResetTestExecutionListener@255a22b0, org.springframework.boot.test.autoconfigure.web.servlet.MockMvcPrintOnlyOnFailureTestExecutionListener@47fbd4d, org.springframework.boot.test.autoconfigure.web.servlet.WebDriverTestExecutionListener@174d3aa6, org.springframework.boot.test.autoconfigure.webservices.client.MockWebServiceServerTestExecutionListener@67620e85, org.springframework.boot.test.mock.mockito.ResetMocksTestExecutionListener@13d9ff7b]
true
]]></system-out>
  <system-err><![CDATA[]]></system-err>
</testsuite>
