<?xml version="1.0" encoding="UTF-8"?>
<testsuite name="com.example.elasticsearch.redis.repository.LikeArticleRepositoryTest" tests="1" skipped="0" failures="0" errors="0" timestamp="2023-05-08T04:27:41" hostname="bagseongjun-ui-MacBookPro.local" time="0.038">
  <properties/>
  <testcase name="getStockInfo()" classname="com.example.elasticsearch.redis.repository.LikeArticleRepositoryTest" time="0.038"/>
  <system-out><![CDATA[2023-05-08 13:27:41.326  INFO 69120 --- [    Test worker] .b.t.c.SpringBootTestContextBootstrapper : Neither @ContextConfiguration nor @ContextHierarchy found for test class [com.example.elasticsearch.redis.repository.LikeArticleRepositoryTest], using SpringBootContextLoader
2023-05-08 13:27:41.327  INFO 69120 --- [    Test worker] o.s.t.c.support.AbstractContextLoader    : Could not detect default resource locations for test class [com.example.elasticsearch.redis.repository.LikeArticleRepositoryTest]: no resource found for suffixes {-context.xml, Context.groovy}.
2023-05-08 13:27:41.327  INFO 69120 --- [    Test worker] t.c.s.AnnotationConfigContextLoaderUtils : Could not detect default configuration classes for test class [com.example.elasticsearch.redis.repository.LikeArticleRepositoryTest]: LikeArticleRepositoryTest does not declare any static, non-private, non-final, nested classes annotated with @Configuration.
2023-05-08 13:27:41.341  INFO 69120 --- [    Test worker] .b.t.c.SpringBootTestContextBootstrapper : Found @SpringBootConfiguration com.example.elasticsearch.ElasticSearchApplication for test class com.example.elasticsearch.redis.repository.LikeArticleRepositoryTest
2023-05-08 13:27:41.343  INFO 69120 --- [    Test worker] .b.t.c.SpringBootTestContextBootstrapper : Loaded default TestExecutionListener class names from location [META-INF/spring.factories]: [org.springframework.boot.test.autoconfigure.restdocs.RestDocsTestExecutionListener, org.springframework.boot.test.autoconfigure.web.client.MockRestServiceServerResetTestExecutionListener, org.springframework.boot.test.autoconfigure.web.servlet.MockMvcPrintOnlyOnFailureTestExecutionListener, org.springframework.boot.test.autoconfigure.web.servlet.WebDriverTestExecutionListener, org.springframework.boot.test.autoconfigure.webservices.client.MockWebServiceServerTestExecutionListener, org.springframework.boot.test.mock.mockito.MockitoTestExecutionListener, org.springframework.boot.test.mock.mockito.ResetMocksTestExecutionListener, org.springframework.test.context.web.ServletTestExecutionListener, org.springframework.test.context.support.DirtiesContextBeforeModesTestExecutionListener, org.springframework.test.context.event.ApplicationEventsTestExecutionListener, org.springframework.test.context.support.DependencyInjectionTestExecutionListener, org.springframework.test.context.support.DirtiesContextTestExecutionListener, org.springframework.test.context.transaction.TransactionalTestExecutionListener, org.springframework.test.context.jdbc.SqlScriptsTestExecutionListener, org.springframework.test.context.event.EventPublishingTestExecutionListener]
2023-05-08 13:27:41.345  INFO 69120 --- [    Test worker] .b.t.c.SpringBootTestContextBootstrapper : Using TestExecutionListeners: [org.springframework.test.context.web.ServletTestExecutionListener@5bc9382c, org.springframework.test.context.support.DirtiesContextBeforeModesTestExecutionListener@665ed1d5, org.springframework.test.context.event.ApplicationEventsTestExecutionListener@4f0c3a49, org.springframework.boot.test.mock.mockito.MockitoTestExecutionListener@7f8a3736, org.springframework.boot.test.autoconfigure.SpringBootDependencyInjectionTestExecutionListener@6d1068b3, org.springframework.test.context.support.DirtiesContextTestExecutionListener@7d50dcbd, org.springframework.test.context.transaction.TransactionalTestExecutionListener@53a07f2c, org.springframework.test.context.jdbc.SqlScriptsTestExecutionListener@7dbdc1e9, org.springframework.test.context.event.EventPublishingTestExecutionListener@13866b1d, org.springframework.boot.test.autoconfigure.restdocs.RestDocsTestExecutionListener@68c8e8e4, org.springframework.boot.test.autoconfigure.web.client.MockRestServiceServerResetTestExecutionListener@38c1b3ce, org.springframework.boot.test.autoconfigure.web.servlet.MockMvcPrintOnlyOnFailureTestExecutionListener@2be09fb6, org.springframework.boot.test.autoconfigure.web.servlet.WebDriverTestExecutionListener@b1ec754, org.springframework.boot.test.autoconfigure.webservices.client.MockWebServiceServerTestExecutionListener@243e811b, org.springframework.boot.test.mock.mockito.ResetMocksTestExecutionListener@11d40991]
range = [aaa, abbb, abcccc]
]]></system-out>
  <system-err><![CDATA[]]></system-err>
</testsuite>
